2025-07-05 18:19:10,493 - INFO - Arguments parsed.
2025-07-05 18:19:10,501 - INFO - Config loaded from config.yaml
2025-07-05 18:19:10,503 - INFO - Final configuration: {'tickers': ['AAPL', 'TSLA', 'MSFT'], 'start_date': '2022-01-01', 'end_date': '2024-01-01', 'output_dir': 'data'}
2025-07-05 18:19:10,507 - INFO - Downloading data for tickers: ['AAPL', 'TSLA', 'MSFT']
2025-07-05 18:19:11,729 - INFO - Data download successful.
2025-07-05 18:19:11,853 - INFO - Data saved to data\stock_data.csv
2025-07-05 18:25:05,001 - INFO - Arguments parsed.
2025-07-05 18:25:05,003 - INFO - Config loaded from config.yaml
2025-07-05 18:25:05,004 - INFO - Final configuration: {'tickers': ['AAPL', 'TSLA', 'MSFT'], 'start_date': '2022-01-01', 'end_date': '2024-01-01', 'output_dir': 'data'}
2025-07-05 18:25:05,005 - INFO - Downloading data for tickers: ['AAPL', 'TSLA', 'MSFT']
2025-07-05 18:25:05,701 - INFO - Data download successful.
2025-07-05 18:25:05,728 - ERROR - Error saving data: "['TICKER'] not in index"
2025-07-05 18:26:36,157 - INFO - Arguments parsed.
2025-07-05 18:26:36,158 - INFO - Config loaded from config.yaml
2025-07-05 18:26:36,159 - INFO - Final configuration: {'tickers': ['AAPL', 'TSLA', 'MSFT'], 'start_date': '2022-01-01', 'end_date': '2024-01-01', 'output_dir': 'data'}
2025-07-05 18:26:36,160 - INFO - Downloading data for tickers: ['AAPL', 'TSLA', 'MSFT']
2025-07-05 18:26:37,016 - INFO - Data download successful.
2025-07-05 18:26:37,061 - INFO - Data saved to data\stock_data.csv in tidy long format.
2025-07-07 20:52:07,965 - INFO - Arguments parsed.
2025-07-07 20:52:07,968 - INFO - Config loaded from config.yaml
2025-07-07 20:52:07,968 - INFO - Final configuration: {'tickers': ['AAPL'], 'start_date': '2022-01-01', 'end_date': '2024-01-01', 'output_dir': 'data'}
2025-07-07 20:52:07,969 - INFO - Downloading data for tickers: ['AAPL']
2025-07-07 20:52:08,797 - INFO - Data download successful.
2025-07-07 20:52:08,833 - INFO - Data saved to data\stock_data.csv in tidy long format.
2025-07-07 21:11:07,864 - INFO - Arguments parsed.
2025-07-07 21:11:07,866 - INFO - Config loaded from config.yaml
2025-07-07 21:11:07,867 - INFO - Final configuration: {'tickers': ['AAPL'], 'start_date': '2022-01-01', 'end_date': '2024-01-01', 'output_dir': 'data', 'alpaca': {'api_key': 'PKDFOZU5IJ6I945P0ONY', 'api_secret': 'ENNGNH3PBaRmQIIh8mbinSJ0JdfKQk7BEWLQz0St'}}
2025-07-07 21:11:07,868 - INFO - Connecting to Alpaca Markets API...
2025-07-07 21:11:07,868 - INFO - Downloading data for AAPL
2025-07-07 21:11:08,210 - INFO - Data download complete.
2025-07-07 21:11:08,228 - INFO - Data saved to data\stock_data.csv
